{"/home/martog/code/learning/school/CSC307/2Do/2do_be/models/task-services.js": {"path":"/home/martog/code/learning/school/CSC307/2Do/2do_be/models/task-services.js","statementMap":{"0":{"start":{"line":1,"column":17},"end":{"line":1,"column":36}},"1":{"start":{"line":2,"column":18},"end":{"line":2,"column":35}},"2":{"start":{"line":3,"column":15},"end":{"line":3,"column":32}},"3":{"start":{"line":5,"column":0},"end":{"line":7,"column":3}},"4":{"start":{"line":9,"column":0},"end":{"line":9,"column":28}},"5":{"start":{"line":11,"column":0},"end":{"line":28,"column":40}},"6":{"start":{"line":28,"column":20},"end":{"line":28,"column":38}},"7":{"start":{"line":32,"column":2},"end":{"line":38,"column":3}},"8":{"start":{"line":33,"column":4},"end":{"line":33,"column":68}},"9":{"start":{"line":34,"column":9},"end":{"line":38,"column":3}},"10":{"start":{"line":35,"column":4},"end":{"line":35,"column":44}},"11":{"start":{"line":36,"column":9},"end":{"line":38,"column":3}},"12":{"start":{"line":37,"column":4},"end":{"line":37,"column":46}},"13":{"start":{"line":39,"column":2},"end":{"line":39,"column":16}},"14":{"start":{"line":43,"column":2},"end":{"line":50,"column":3}},"15":{"start":{"line":44,"column":22},"end":{"line":44,"column":65}},"16":{"start":{"line":45,"column":22},"end":{"line":45,"column":44}},"17":{"start":{"line":46,"column":4},"end":{"line":46,"column":21}},"18":{"start":{"line":48,"column":4},"end":{"line":48,"column":23}},"19":{"start":{"line":49,"column":4},"end":{"line":49,"column":17}},"20":{"start":{"line":54,"column":2},"end":{"line":62,"column":3}},"21":{"start":{"line":56,"column":4},"end":{"line":56,"column":51}},"22":{"start":{"line":57,"column":4},"end":{"line":57,"column":24}},"23":{"start":{"line":58,"column":4},"end":{"line":58,"column":18}},"24":{"start":{"line":60,"column":4},"end":{"line":60,"column":23}},"25":{"start":{"line":61,"column":4},"end":{"line":61,"column":21}},"26":{"start":{"line":66,"column":2},"end":{"line":72,"column":3}},"27":{"start":{"line":67,"column":22},"end":{"line":67,"column":65}},"28":{"start":{"line":68,"column":4},"end":{"line":68,"column":23}},"29":{"start":{"line":70,"column":4},"end":{"line":70,"column":23}},"30":{"start":{"line":71,"column":4},"end":{"line":71,"column":17}},"31":{"start":{"line":76,"column":2},"end":{"line":81,"column":3}},"32":{"start":{"line":77,"column":4},"end":{"line":77,"column":40}},"33":{"start":{"line":79,"column":4},"end":{"line":79,"column":23}},"34":{"start":{"line":80,"column":4},"end":{"line":80,"column":21}},"35":{"start":{"line":85,"column":2},"end":{"line":85,"column":71}},"36":{"start":{"line":89,"column":2},"end":{"line":89,"column":73}},"37":{"start":{"line":98,"column":0},"end":{"line":98,"column":28}},"38":{"start":{"line":99,"column":0},"end":{"line":99,"column":26}},"39":{"start":{"line":100,"column":0},"end":{"line":100,"column":32}},"40":{"start":{"line":101,"column":0},"end":{"line":101,"column":36}},"41":{"start":{"line":102,"column":0},"end":{"line":102,"column":44}},"42":{"start":{"line":103,"column":0},"end":{"line":103,"column":46}},"43":{"start":{"line":105,"column":0},"end":{"line":105,"column":32}}},"fnMap":{"0":{"name":"(anonymous_0)","decl":{"start":{"line":28,"column":9},"end":{"line":28,"column":10}},"loc":{"start":{"line":28,"column":20},"end":{"line":28,"column":38}},"line":28},"1":{"name":"getTasks","decl":{"start":{"line":30,"column":15},"end":{"line":30,"column":23}},"loc":{"start":{"line":30,"column":41},"end":{"line":40,"column":1}},"line":30},"2":{"name":"addTask","decl":{"start":{"line":42,"column":15},"end":{"line":42,"column":22}},"loc":{"start":{"line":42,"column":53},"end":{"line":51,"column":1}},"line":42},"3":{"name":"deleteTask","decl":{"start":{"line":53,"column":15},"end":{"line":53,"column":25}},"loc":{"start":{"line":53,"column":30},"end":{"line":63,"column":1}},"line":53},"4":{"name":"updateTask","decl":{"start":{"line":65,"column":15},"end":{"line":65,"column":25}},"loc":{"start":{"line":65,"column":36},"end":{"line":73,"column":1}},"line":65},"5":{"name":"findTaskById","decl":{"start":{"line":75,"column":15},"end":{"line":75,"column":27}},"loc":{"start":{"line":75,"column":32},"end":{"line":82,"column":1}},"line":75},"6":{"name":"findTaskByStatus","decl":{"start":{"line":84,"column":15},"end":{"line":84,"column":31}},"loc":{"start":{"line":84,"column":40},"end":{"line":86,"column":1}},"line":84},"7":{"name":"findTaskByDueDate","decl":{"start":{"line":88,"column":15},"end":{"line":88,"column":32}},"loc":{"start":{"line":88,"column":42},"end":{"line":90,"column":1}},"line":88}},"branchMap":{"0":{"loc":{"start":{"line":32,"column":2},"end":{"line":38,"column":3}},"type":"if","locations":[{"start":{"line":32,"column":2},"end":{"line":38,"column":3}},{"start":{"line":34,"column":9},"end":{"line":38,"column":3}}],"line":32},"1":{"loc":{"start":{"line":32,"column":6},"end":{"line":32,"column":51}},"type":"binary-expr","locations":[{"start":{"line":32,"column":6},"end":{"line":32,"column":26}},{"start":{"line":32,"column":30},"end":{"line":32,"column":51}}],"line":32},"2":{"loc":{"start":{"line":34,"column":9},"end":{"line":38,"column":3}},"type":"if","locations":[{"start":{"line":34,"column":9},"end":{"line":38,"column":3}},{"start":{"line":36,"column":9},"end":{"line":38,"column":3}}],"line":34},"3":{"loc":{"start":{"line":34,"column":13},"end":{"line":34,"column":31}},"type":"binary-expr","locations":[{"start":{"line":34,"column":13},"end":{"line":34,"column":19}},{"start":{"line":34,"column":23},"end":{"line":34,"column":31}}],"line":34},"4":{"loc":{"start":{"line":36,"column":9},"end":{"line":38,"column":3}},"type":"if","locations":[{"start":{"line":36,"column":9},"end":{"line":38,"column":3}},{"start":{},"end":{}}],"line":36},"5":{"loc":{"start":{"line":36,"column":13},"end":{"line":36,"column":31}},"type":"binary-expr","locations":[{"start":{"line":36,"column":13},"end":{"line":36,"column":20}},{"start":{"line":36,"column":24},"end":{"line":36,"column":31}}],"line":36}},"s":{"0":1,"1":1,"2":1,"3":1,"4":1,"5":1,"6":0,"7":1,"8":1,"9":0,"10":0,"11":0,"12":0,"13":1,"14":0,"15":0,"16":0,"17":0,"18":0,"19":0,"20":0,"21":0,"22":0,"23":0,"24":0,"25":0,"26":0,"27":0,"28":0,"29":0,"30":0,"31":0,"32":0,"33":0,"34":0,"35":0,"36":0,"37":1,"38":1,"39":1,"40":1,"41":1,"42":1,"43":1},"f":{"0":0,"1":1,"2":0,"3":0,"4":0,"5":0,"6":0,"7":0},"b":{"0":[1,0],"1":[1,1],"2":[0,0],"3":[0,0],"4":[0,0],"5":[0,0]},"_coverageSchema":"1a1c01bbd47fc00a2c39e90264f33305004495a9","hash":"1d7b1cc3278cc9dcb69b6d243220aa0e8f590870"}
,"/home/martog/code/learning/school/CSC307/2Do/2do_be/models/task.js": {"path":"/home/martog/code/learning/school/CSC307/2Do/2do_be/models/task.js","statementMap":{"0":{"start":{"line":1,"column":17},"end":{"line":1,"column":36}},"1":{"start":{"line":3,"column":19},"end":{"line":42,"column":1}},"2":{"start":{"line":10,"column":8},"end":{"line":11,"column":75}},"3":{"start":{"line":11,"column":10},"end":{"line":11,"column":75}},"4":{"start":{"line":19,"column":8},"end":{"line":20,"column":75}},"5":{"start":{"line":20,"column":10},"end":{"line":20,"column":75}},"6":{"start":{"line":28,"column":8},"end":{"line":31,"column":12}},"7":{"start":{"line":29,"column":10},"end":{"line":31,"column":12}},"8":{"start":{"line":44,"column":13},"end":{"line":44,"column":47}},"9":{"start":{"line":46,"column":0},"end":{"line":46,"column":22}}},"fnMap":{"0":{"name":"(anonymous_0)","decl":{"start":{"line":9,"column":6},"end":{"line":9,"column":7}},"loc":{"start":{"line":9,"column":22},"end":{"line":12,"column":7}},"line":9},"1":{"name":"(anonymous_1)","decl":{"start":{"line":18,"column":6},"end":{"line":18,"column":7}},"loc":{"start":{"line":18,"column":22},"end":{"line":21,"column":7}},"line":18},"2":{"name":"(anonymous_2)","decl":{"start":{"line":27,"column":6},"end":{"line":27,"column":7}},"loc":{"start":{"line":27,"column":22},"end":{"line":32,"column":7}},"line":27}},"branchMap":{"0":{"loc":{"start":{"line":10,"column":8},"end":{"line":11,"column":75}},"type":"if","locations":[{"start":{"line":10,"column":8},"end":{"line":11,"column":75}},{"start":{},"end":{}}],"line":10},"1":{"loc":{"start":{"line":19,"column":8},"end":{"line":20,"column":75}},"type":"if","locations":[{"start":{"line":19,"column":8},"end":{"line":20,"column":75}},{"start":{},"end":{}}],"line":19},"2":{"loc":{"start":{"line":28,"column":8},"end":{"line":31,"column":12}},"type":"if","locations":[{"start":{"line":28,"column":8},"end":{"line":31,"column":12}},{"start":{},"end":{}}],"line":28}},"s":{"0":1,"1":1,"2":0,"3":0,"4":0,"5":0,"6":0,"7":0,"8":1,"9":1},"f":{"0":0,"1":0,"2":0},"b":{"0":[0,0],"1":[0,0],"2":[0,0]},"_coverageSchema":"1a1c01bbd47fc00a2c39e90264f33305004495a9","hash":"4402bd23fbc2519fe2e184d773281b0c86d63599"}
}
