TN:
SF:models/task-services.js
FN:28,(anonymous_0)
FN:30,getTasks
FN:42,addTask
FN:53,deleteTask
FN:65,updateTask
FN:75,findTaskById
FN:84,findTaskByStatus
FN:88,findTaskByDueDate
FNF:8
FNH:1
FNDA:0,(anonymous_0)
FNDA:1,getTasks
FNDA:0,addTask
FNDA:0,deleteTask
FNDA:0,updateTask
FNDA:0,findTaskById
FNDA:0,findTaskByStatus
FNDA:0,findTaskByDueDate
DA:1,1
DA:2,1
DA:3,1
DA:5,1
DA:9,1
DA:11,1
DA:28,0
DA:32,1
DA:33,1
DA:34,0
DA:35,0
DA:36,0
DA:37,0
DA:39,1
DA:43,0
DA:44,0
DA:45,0
DA:46,0
DA:48,0
DA:49,0
DA:54,0
DA:56,0
DA:57,0
DA:58,0
DA:60,0
DA:61,0
DA:66,0
DA:67,0
DA:68,0
DA:70,0
DA:71,0
DA:76,0
DA:77,0
DA:79,0
DA:80,0
DA:85,0
DA:89,0
DA:98,1
DA:99,1
DA:100,1
DA:101,1
DA:102,1
DA:103,1
DA:105,1
LF:44
LH:16
BRDA:32,0,0,1
BRDA:32,0,1,0
BRDA:32,1,0,1
BRDA:32,1,1,1
BRDA:34,2,0,0
BRDA:34,2,1,0
BRDA:34,3,0,0
BRDA:34,3,1,0
BRDA:36,4,0,0
BRDA:36,4,1,0
BRDA:36,5,0,0
BRDA:36,5,1,0
BRF:12
BRH:3
end_of_record
TN:
SF:models/task.js
FN:9,(anonymous_0)
FN:18,(anonymous_1)
FN:27,(anonymous_2)
FNF:3
FNH:0
FNDA:0,(anonymous_0)
FNDA:0,(anonymous_1)
FNDA:0,(anonymous_2)
DA:1,1
DA:3,1
DA:10,0
DA:11,0
DA:19,0
DA:20,0
DA:28,0
DA:29,0
DA:44,1
DA:46,1
LF:10
LH:4
BRDA:10,0,0,0
BRDA:10,0,1,0
BRDA:19,1,0,0
BRDA:19,1,1,0
BRDA:28,2,0,0
BRDA:28,2,1,0
BRF:6
BRH:0
end_of_record
